\BOOKMARK [1][-]{section.2}{ABSTRACT}{}% 1
\BOOKMARK [1][-]{section.6}{Introduction}{}% 2
\BOOKMARK [1][-]{section.8}{Related Work}{}% 3
\BOOKMARK [2][-]{subsection.10}{Message Framing \046 Phrasing}{section.8}% 4
\BOOKMARK [2][-]{subsection.12}{Comparison Between Text and Comic }{section.8}% 5
\BOOKMARK [2][-]{subsection.14}{Comics Speak}{section.8}% 6
\BOOKMARK [1][-]{section.16}{Method}{}% 7
\BOOKMARK [2][-]{subsection.18}{Composing Persuasive Messages in Plain Text}{section.16}% 8
\BOOKMARK [2][-]{subsection.30}{Communicating through Comics}{section.16}% 9
\BOOKMARK [2][-]{subsection.36}{Generating Comics}{section.16}% 10
\BOOKMARK [2][-]{subsection.38}{Study Design}{section.16}% 11
\BOOKMARK [2][-]{subsection.40}{Pilot Tests on the Study Design}{section.16}% 12
\BOOKMARK [3][-]{subsubsection.42}{Pilot Test 1 on Changing Background Color in XKCD Style Comics}{subsection.40}% 13
\BOOKMARK [3][-]{subsubsection.44}{Pilot Test 2 on Experiment Design}{subsection.40}% 14
\BOOKMARK [2][-]{subsection.46}{Participants}{section.16}% 15
\BOOKMARK [1][-]{section.48}{Results}{}% 16
\BOOKMARK [2][-]{subsection.50}{Raw Data}{section.48}% 17
\BOOKMARK [2][-]{subsection.52}{Analysis}{section.48}% 18
\BOOKMARK [1][-]{section.61}{Discussion}{}% 19
\BOOKMARK [1][-]{section.63}{References }{}% 20
